<?xml version="1.0" encoding="UTF-8"?>
<!-- Generated by org.testng.reporters.JUnitReportReporter -->
<testsuite hostname="BIBHUPRASADM-WIN10" failures="0" tests="1" name="practice.HorizontalSwipeUsingActions" time="16.703" errors="0" timestamp="2023-04-02T16:12:51 IST" skipped="0">
  <testcase classname="practice.HorizontalSwipeUsingActions" name="test" time="16.703"/>
  <system-out/>
</testsuite> <!-- practice.HorizontalSwipeUsingActions -->
