<?xml version="1.0" encoding="UTF-8"?>
<!-- Generated by org.testng.reporters.JUnitReportReporter -->
<testsuite hostname="BIBHUPRASADM-WIN10" failures="0" tests="1" name="flipkartTest.TC02" time="53.844" errors="0" timestamp="2023-04-18T12:45:55 IST" skipped="0">
  <testcase classname="flipkartTest.TC02" name="test" time="53.844"/>
  <system-out/>
</testsuite> <!-- flipkartTest.TC02 -->
