<?xml version="1.0" encoding="UTF-8"?>
<!-- Generated by org.testng.reporters.JUnitReportReporter -->
<testsuite hostname="BIBHUPRASADM-WIN10" failures="0" tests="1" name="practice.ToastMessage" time="31.356" errors="0" timestamp="2023-04-23T17:38:24 IST" skipped="0">
  <testcase classname="practice.ToastMessage" name="test" time="31.356"/>
  <system-out/>
</testsuite> <!-- practice.ToastMessage -->
