<?xml version="1.0" encoding="UTF-8"?>
<!-- Generated by org.testng.reporters.JUnitReportReporter -->
<testsuite hostname="BIBHUPRASADM-WIN10" failures="0" tests="1" name="logintest.TC01" time="31.013" errors="0" timestamp="2023-04-05T12:11:58 IST" skipped="0">
  <testcase classname="logintest.TC01" name="test" time="31.013"/>
  <system-out/>
</testsuite> <!-- logintest.TC01 -->
