<?xml version="1.0" encoding="UTF-8"?>
<!-- Generated by org.testng.reporters.JUnitReportReporter -->
<testsuite hostname="BIBHUPRASADM-WIN10" failures="0" tests="1" name="practice.ToastMessage" time="29.499" errors="0" timestamp="2023-04-25T15:03:53 IST" skipped="0">
  <testcase classname="practice.ToastMessage" name="test" time="29.499"/>
  <system-out/>
</testsuite> <!-- practice.ToastMessage -->
