<?xml version="1.0" encoding="UTF-8"?>
<!-- Generated by org.testng.reporters.JUnitReportReporter -->
<testsuite hostname="BIBHUPRASADM-WIN10" failures="0" tests="1" name="flipkartTest.TC01" time="31.469" errors="0" timestamp="2023-04-06T12:07:57 IST" skipped="0">
  <testcase classname="flipkartTest.TC01" name="test" time="31.469"/>
  <system-out/>
</testsuite> <!-- flipkartTest.TC01 -->
